  SunTCP.cpp
E:\PengStudio\SunSocket\SunSocket\SunTCP.cpp(46,10): warning C4244:  “return”: 从“SOCKET”转换到“int”，可能丢失数据
E:\PengStudio\SunSocket\SunSocket\SunTCP.cpp(63,17): warning C4244:  “=”: 从“SOCKET”转换到“unsigned int”，可能丢失数据
E:\PengStudio\SunSocket\SunSocket\SunTCP.cpp(68,45): warning C4312:  “类型强制转换”: 从“unsigned int”转换到更大的“HANDLE”
E:\PengStudio\SunSocket\SunSocket\SunTCP.cpp(78,9): warning C4244:  “return”: 从“SOCKET”转换到“int”，可能丢失数据
E:\PengStudio\SunSocket\SunSocket\SunTCP.cpp(131,26): warning C4267:  “=”: 从“size_t”转换到“ULONG”，可能丢失数据
E:\PengStudio\SunSocket\SunSocket\SunTCP.cpp(172,18): warning C4244:  “=”: 从“SOCKET”转换到“int”，可能丢失数据
E:\PengStudio\SunSocket\SunSocket\SunTCP.cpp(180,46): warning C4312:  “类型强制转换”: 从“unsigned int”转换到更大的“HANDLE”
C:\Program Files (x86)\Microsoft Visual Studio\2019\Enterprise\VC\Tools\MSVC\14.21.27702\include\type_traits(1452,1): warning C4244:  “参数”: 从“_Ty”转换到“unsigned int”，可能丢失数据
C:\Program Files (x86)\Microsoft Visual Studio\2019\Enterprise\VC\Tools\MSVC\14.21.27702\include\type_traits(1452,1): warning C4244:         with
C:\Program Files (x86)\Microsoft Visual Studio\2019\Enterprise\VC\Tools\MSVC\14.21.27702\include\type_traits(1452,1): warning C4244:         [
C:\Program Files (x86)\Microsoft Visual Studio\2019\Enterprise\VC\Tools\MSVC\14.21.27702\include\type_traits(1452,1): warning C4244:             _Ty=unsigned __int64
C:\Program Files (x86)\Microsoft Visual Studio\2019\Enterprise\VC\Tools\MSVC\14.21.27702\include\type_traits(1452,1): warning C4244:         ]
C:\Program Files (x86)\Microsoft Visual Studio\2019\Enterprise\VC\Tools\MSVC\14.21.27702\include\type_traits(1452): message :  查看对正在编译的函数 模板 实例化“void std::_Invoker_pmf_pointer::_Call<_Ty,SunTCPServer*,unsigned __int64>(_Decayed,_Ty1 &&,unsigned __int64 &&) noexcept(false)”的引用
C:\Program Files (x86)\Microsoft Visual Studio\2019\Enterprise\VC\Tools\MSVC\14.21.27702\include\type_traits(1452): message :         with
C:\Program Files (x86)\Microsoft Visual Studio\2019\Enterprise\VC\Tools\MSVC\14.21.27702\include\type_traits(1452): message :         [
C:\Program Files (x86)\Microsoft Visual Studio\2019\Enterprise\VC\Tools\MSVC\14.21.27702\include\type_traits(1452): message :             _Ty=void (__cdecl SunTCPServer::* )(unsigned int),
C:\Program Files (x86)\Microsoft Visual Studio\2019\Enterprise\VC\Tools\MSVC\14.21.27702\include\type_traits(1452): message :             _Decayed=void (__cdecl SunTCPServer::* )(unsigned int),
C:\Program Files (x86)\Microsoft Visual Studio\2019\Enterprise\VC\Tools\MSVC\14.21.27702\include\type_traits(1452): message :             _Ty1=SunTCPServer *
C:\Program Files (x86)\Microsoft Visual Studio\2019\Enterprise\VC\Tools\MSVC\14.21.27702\include\type_traits(1452): message :         ]
C:\Program Files (x86)\Microsoft Visual Studio\2019\Enterprise\VC\Tools\MSVC\14.21.27702\include\thread(35): message :  查看对正在编译的函数 模板 实例化“void std::invoke<void(__cdecl SunTCPServer::* )(unsigned int),SunTCPServer*,unsigned __int64>(_Callable &&,SunTCPServer *&&,unsigned __int64 &&) noexcept(false)”的引用
C:\Program Files (x86)\Microsoft Visual Studio\2019\Enterprise\VC\Tools\MSVC\14.21.27702\include\thread(35): message :         with
C:\Program Files (x86)\Microsoft Visual Studio\2019\Enterprise\VC\Tools\MSVC\14.21.27702\include\thread(35): message :         [
C:\Program Files (x86)\Microsoft Visual Studio\2019\Enterprise\VC\Tools\MSVC\14.21.27702\include\thread(35): message :             _Callable=void (__cdecl SunTCPServer::* )(unsigned int)
C:\Program Files (x86)\Microsoft Visual Studio\2019\Enterprise\VC\Tools\MSVC\14.21.27702\include\thread(35): message :         ]
C:\Program Files (x86)\Microsoft Visual Studio\2019\Enterprise\VC\Tools\MSVC\14.21.27702\include\thread(46): message :  查看对正在编译的函数 模板 实例化“unsigned int std::thread::_Invoke<_Tuple,0,1,2>(void *) noexcept”的引用
C:\Program Files (x86)\Microsoft Visual Studio\2019\Enterprise\VC\Tools\MSVC\14.21.27702\include\thread(46): message :         with
C:\Program Files (x86)\Microsoft Visual Studio\2019\Enterprise\VC\Tools\MSVC\14.21.27702\include\thread(46): message :         [
C:\Program Files (x86)\Microsoft Visual Studio\2019\Enterprise\VC\Tools\MSVC\14.21.27702\include\thread(46): message :             _Tuple=_Tuple
C:\Program Files (x86)\Microsoft Visual Studio\2019\Enterprise\VC\Tools\MSVC\14.21.27702\include\thread(46): message :         ]
C:\Program Files (x86)\Microsoft Visual Studio\2019\Enterprise\VC\Tools\MSVC\14.21.27702\include\thread(52): message :  查看对正在编译的函数 模板 实例化“unsigned int (__cdecl *std::thread::_Get_invoke<_Tuple,0,1,2>(std::integer_sequence<unsigned __int64,0,1,2>) noexcept)(void *)”的引用
E:\PengStudio\SunSocket\SunSocket\SunTCP.cpp(38): message :  查看对正在编译的函数 模板 实例化“std::thread::thread<void(__cdecl SunTCPServer::* )(unsigned int),SunTCPServer*,SOCKET&,void>(_Fn &&,SunTCPServer *&&,SOCKET &)”的引用
E:\PengStudio\SunSocket\SunSocket\SunTCP.cpp(38): message :         with
E:\PengStudio\SunSocket\SunSocket\SunTCP.cpp(38): message :         [
E:\PengStudio\SunSocket\SunSocket\SunTCP.cpp(38): message :             _Fn=void (__cdecl SunTCPServer::* )(unsigned int)
E:\PengStudio\SunSocket\SunSocket\SunTCP.cpp(38): message :         ]
C:\Program Files (x86)\Microsoft Visual Studio\2019\Enterprise\VC\Tools\MSVC\14.21.27702\include\chrono(595): message :  查看对正在编译的 类 模板 实例化“std::chrono::duration<double,std::ratio<1,1>>”的引用
C:\Program Files (x86)\Microsoft Visual Studio\2019\Enterprise\VC\Tools\MSVC\14.21.27702\include\chrono(172): message :  查看对正在编译的 类 模板 实例化“std::chrono::duration<__int64,std::nano>”的引用
C:\Program Files (x86)\Microsoft Visual Studio\2019\Enterprise\VC\Tools\MSVC\14.21.27702\include\chrono(574): message :  查看对正在编译的 类 模板 实例化“std::chrono::time_point<std::chrono::steady_clock,std::chrono::steady_clock::duration>”的引用
  SunSocket.vcxproj -> E:\PengStudio\SunSocket\x64\Debug\SunSocket.exe
